<?xml version="1.0" encoding="UTF-8"?>
<!-- Generated by org.testng.reporters.JUnitXMLReporter -->
<testsuite hostname="DESKTOP-3P56TJA" name="Test" tests="1" failures="1" timestamp="8 Mar 2020 14:53:13 GMT" time="19.742" errors="0">
  <testcase name="feature" time="19.209" classname="etsy.runner.RunnerClass">
    <failure type="cucumber.runtime.CucumberException" message="org.openqa.selenium.ElementClickInterceptedException: element click intercepted: Element &amp;lt;span id=&amp;quot;catnav-primary-link-10855&amp;quot; class=&amp;quot;text-gray-darker&amp;quot; role=&amp;quot;menuitem&amp;quot; aria-haspopup=&amp;quot;true&amp;quot; tabindex=&amp;quot;0&amp;quot;&amp;gt;...&amp;lt;/span&amp;gt; is not clickable at point (171, 84). Other element would receive the click: &amp;lt;div class=&amp;quot;overlay-region&amp;quot; data-toolkit-overlay=&amp;quot;&amp;quot; id=&amp;quot;join-neu-overlay&amp;quot; role=&amp;quot;dialog&amp;quot; aria-labelledby=&amp;quot;join-neu-overlay-title&amp;quot; aria-hidden=&amp;quot;false&amp;quot;&amp;gt;...&amp;lt;/div&amp;gt;
  (Session info: chrome=80.0.3987.132)
Build info: version: &amp;apos;3.12.0&amp;apos;, revision: &amp;apos;7c6e0b3&amp;apos;, time: &amp;apos;2018-05-08T14:04:26.12Z&amp;apos;
System info: host: &amp;apos;DESKTOP-3P56TJA&amp;apos;, ip: &amp;apos;192.168.2.209&amp;apos;, os.name: &amp;apos;Windows 10&amp;apos;, os.arch: &amp;apos;amd64&amp;apos;, os.version: &amp;apos;10.0&amp;apos;, java.version: &amp;apos;1.8.0_231&amp;apos;
Driver info: org.openqa.selenium.chrome.ChromeDriver
Capabilities {acceptInsecureCerts: false, browserName: chrome, browserVersion: 80.0.3987.132, chrome: {chromedriverVersion: 79.0.3945.36 (3582db32b3389..., userDataDir: C:\Users\rlina\AppData\Loca...}, goog:chromeOptions: {debuggerAddress: localhost:64004}, javascriptEnabled: true, networkConnectionEnabled: false, pageLoadStrategy: normal, platform: WINDOWS, platformName: WINDOWS, proxy: Proxy(), setWindowRect: true, strictFileInteractability: false, timeouts: {implicit: 0, pageLoad: 300000, script: 30000}, unhandledPromptBehavior: dismiss and notify}
Session ID: ac72437ee312dfce92d86718c6c93bdb">
      <![CDATA[cucumber.runtime.CucumberException: org.openqa.selenium.ElementClickInterceptedException: element click intercepted: Element <span id="catnav-primary-link-10855" class="text-gray-darker" role="menuitem" aria-haspopup="true" tabindex="0">...</span> is not clickable at point (171, 84). Other element would receive the click: <div class="overlay-region" data-toolkit-overlay="" id="join-neu-overlay" role="dialog" aria-labelledby="join-neu-overlay-title" aria-hidden="false">...</div>
  (Session info: chrome=80.0.3987.132)
Build info: version: '3.12.0', revision: '7c6e0b3', time: '2018-05-08T14:04:26.12Z'
System info: host: 'DESKTOP-3P56TJA', ip: '192.168.2.209', os.name: 'Windows 10', os.arch: 'amd64', os.version: '10.0', java.version: '1.8.0_231'
Driver info: org.openqa.selenium.chrome.ChromeDriver
Capabilities {acceptInsecureCerts: false, browserName: chrome, browserVersion: 80.0.3987.132, chrome: {chromedriverVersion: 79.0.3945.36 (3582db32b3389..., userDataDir: C:\Users\rlina\AppData\Loca...}, goog:chromeOptions: {debuggerAddress: localhost:64004}, javascriptEnabled: true, networkConnectionEnabled: false, pageLoadStrategy: normal, platform: WINDOWS, platformName: WINDOWS, proxy: Proxy(), setWindowRect: true, strictFileInteractability: false, timeouts: {implicit: 0, pageLoad: 300000, script: 30000}, unhandledPromptBehavior: dismiss and notify}
Session ID: ac72437ee312dfce92d86718c6c93bdb
	at cucumber.api.testng.TestNGCucumberRunner.runCucumber(TestNGCucumberRunner.java:69)
	at cucumber.api.testng.AbstractTestNGCucumberTests.feature(AbstractTestNGCucumberTests.java:21)
	at org.apache.maven.surefire.testng.TestNGExecutor.run(TestNGExecutor.java:283)
	at org.apache.maven.surefire.testng.TestNGXmlTestSuite.execute(TestNGXmlTestSuite.java:75)
	at org.apache.maven.surefire.testng.TestNGProvider.invoke(TestNGProvider.java:120)
	at org.apache.maven.surefire.booter.ForkedBooter.invokeProviderInSameClassLoader(ForkedBooter.java:379)
	at org.apache.maven.surefire.booter.ForkedBooter.runSuitesInProcess(ForkedBooter.java:340)
	at org.apache.maven.surefire.booter.ForkedBooter.execute(ForkedBooter.java:125)
	at org.apache.maven.surefire.booter.ForkedBooter.main(ForkedBooter.java:413)
Caused by: org.openqa.selenium.ElementClickInterceptedException: element click intercepted: Element <span id="catnav-primary-link-10855" class="text-gray-darker" role="menuitem" aria-haspopup="true" tabindex="0">...</span> is not clickable at point (171, 84). Other element would receive the click: <div class="overlay-region" data-toolkit-overlay="" id="join-neu-overlay" role="dialog" aria-labelledby="join-neu-overlay-title" aria-hidden="false">...</div>
  (Session info: chrome=80.0.3987.132)
Build info: version: '3.12.0', revision: '7c6e0b3', time: '2018-05-08T14:04:26.12Z'
System info: host: 'DESKTOP-3P56TJA', ip: '192.168.2.209', os.name: 'Windows 10', os.arch: 'amd64', os.version: '10.0', java.version: '1.8.0_231'
Driver info: org.openqa.selenium.chrome.ChromeDriver
Capabilities {acceptInsecureCerts: false, browserName: chrome, browserVersion: 80.0.3987.132, chrome: {chromedriverVersion: 79.0.3945.36 (3582db32b3389..., userDataDir: C:\Users\rlina\AppData\Loca...}, goog:chromeOptions: {debuggerAddress: localhost:64004}, javascriptEnabled: true, networkConnectionEnabled: false, pageLoadStrategy: normal, platform: WINDOWS, platformName: WINDOWS, proxy: Proxy(), setWindowRect: true, strictFileInteractability: false, timeouts: {implicit: 0, pageLoad: 300000, script: 30000}, unhandledPromptBehavior: dismiss and notify}
Session ID: ac72437ee312dfce92d86718c6c93bdb
	at org.openqa.selenium.remote.http.W3CHttpResponseCodec.createException(W3CHttpResponseCodec.java:187)
	at org.openqa.selenium.remote.http.W3CHttpResponseCodec.decode(W3CHttpResponseCodec.java:122)
	at org.openqa.selenium.remote.http.W3CHttpResponseCodec.decode(W3CHttpResponseCodec.java:49)
	at org.openqa.selenium.remote.HttpCommandExecutor.execute(HttpCommandExecutor.java:158)
	at org.openqa.selenium.remote.service.DriverCommandExecutor.execute(DriverCommandExecutor.java:83)
	at org.openqa.selenium.remote.RemoteWebDriver.execute(RemoteWebDriver.java:543)
	at org.openqa.selenium.remote.RemoteWebElement.execute(RemoteWebElement.java:276)
	at org.openqa.selenium.remote.RemoteWebElement.click(RemoteWebElement.java:83)
	at org.openqa.selenium.support.pagefactory.internal.LocatingElementHandler.invoke(LocatingElementHandler.java:51)
	at com.sun.proxy.$Proxy18.click(Unknown Source)
	at etsy.PageActions.EtsyHomePageAction.submitForm(EtsyHomePageAction.java:52)
	at etsy.stepdef.EtsyLoginSteps.user_clicks_on_Sign_In(EtsyLoginSteps.java:35)
	at ✽.Then user clicks on ‘Sign In’(EtsyLogin.feature:10)
... Removed 29 stack frames]]>
    </failure>
  </testcase> <!-- feature -->
</testsuite> <!-- Test -->
