<?xml version="1.0" encoding="UTF-8"?>
<testsuite xmlns:xsi="http://www.w3.org/2001/XMLSchema-instance" xsi:noNamespaceSchemaLocation="https://maven.apache.org/surefire/maven-surefire-plugin/xsd/surefire-test-report.xsd" name="TestSuite" time="90.631" tests="6" errors="0" skipped="0" failures="2">
  <properties>
[...]
</properties>
  <testcase name="feature" classname="etsy.runner.RunnerClass" time="14.213"/>
  <testcase name="feature" classname="etsy.runner.RunnerClass" time="11.228"/>
  <testcase name="feature" classname="etsy.runner.RunnerClass" time="10.942"/>
  <testcase name="feature" classname="etsy.runner.RunnerClass" time="9.957">
    <failure message="org.openqa.selenium.ElementClickInterceptedException: element click intercepted: Element &lt;span id=&quot;catnav-primary-link-10855&quot; class=&quot;text-gray-darker&quot; role=&quot;menuitem&quot; aria-haspopup=&quot;true&quot; tabindex=&quot;0&quot;&gt;...&lt;/span&gt; is not clickable at point (123, 84). Other element would receive the click: &lt;div class=&quot;overlay-region&quot; data-toolkit-overlay=&quot;&quot; id=&quot;join-neu-overlay&quot; role=&quot;dialog&quot; aria-labelledby=&quot;join-neu-overlay-title&quot; aria-hidden=&quot;false&quot;&gt;...&lt;/div&gt;&#10;  (Session info: chrome=80.0.3987.163)&#10;Build info: version: &apos;3.12.0&apos;, revision: &apos;7c6e0b3&apos;, time: &apos;2018-05-08T14:04:26.12Z&apos;&#10;System info: host: &apos;pollys-MacBook-Air.local&apos;, ip: &apos;fe80:0:0:0:8a0:85a9:7aae:717e%en0&apos;, os.name: &apos;Mac OS X&apos;, os.arch: &apos;x86_64&apos;, os.version: &apos;10.13.6&apos;, java.version: &apos;1.8.0_231&apos;&#10;Driver info: org.openqa.selenium.chrome.ChromeDriver&#10;Capabilities {acceptInsecureCerts: false, browserName: chrome, browserVersion: 80.0.3987.163, chrome: {chromedriverVersion: 79.0.3945.36 (3582db32b3389..., userDataDir: /var/folders/ky/g6blgfh55b9...}, goog:chromeOptions: {debuggerAddress: localhost:50073}, javascriptEnabled: true, networkConnectionEnabled: false, pageLoadStrategy: normal, platform: MAC, platformName: MAC, proxy: Proxy(), setWindowRect: true, strictFileInteractability: false, timeouts: {implicit: 0, pageLoad: 300000, script: 30000}, unhandledPromptBehavior: dismiss and notify}&#10;Session ID: 33acfc66e7ecccce81eaa896d6abb4a8" type="cucumber.runtime.CucumberException"><![CDATA[cucumber.runtime.CucumberException: 
org.openqa.selenium.ElementClickInterceptedException: element click intercepted: Element <span id="catnav-primary-link-10855" class="text-gray-darker" role="menuitem" aria-haspopup="true" tabindex="0">...</span> is not clickable at point (123, 84). Other element would receive the click: <div class="overlay-region" data-toolkit-overlay="" id="join-neu-overlay" role="dialog" aria-labelledby="join-neu-overlay-title" aria-hidden="false">...</div>
  (Session info: chrome=80.0.3987.163)
Build info: version: '3.12.0', revision: '7c6e0b3', time: '2018-05-08T14:04:26.12Z'
System info: host: 'pollys-MacBook-Air.local', ip: 'fe80:0:0:0:8a0:85a9:7aae:717e%en0', os.name: 'Mac OS X', os.arch: 'x86_64', os.version: '10.13.6', java.version: '1.8.0_231'
Driver info: org.openqa.selenium.chrome.ChromeDriver
Capabilities {acceptInsecureCerts: false, browserName: chrome, browserVersion: 80.0.3987.163, chrome: {chromedriverVersion: 79.0.3945.36 (3582db32b3389..., userDataDir: /var/folders/ky/g6blgfh55b9...}, goog:chromeOptions: {debuggerAddress: localhost:50073}, javascriptEnabled: true, networkConnectionEnabled: false, pageLoadStrategy: normal, platform: MAC, platformName: MAC, proxy: Proxy(), setWindowRect: true, strictFileInteractability: false, timeouts: {implicit: 0, pageLoad: 300000, script: 30000}, unhandledPromptBehavior: dismiss and notify}
Session ID: 33acfc66e7ecccce81eaa896d6abb4a8
Caused by: org.openqa.selenium.ElementClickInterceptedException: 
element click intercepted: Element <span id="catnav-primary-link-10855" class="text-gray-darker" role="menuitem" aria-haspopup="true" tabindex="0">...</span> is not clickable at point (123, 84). Other element would receive the click: <div class="overlay-region" data-toolkit-overlay="" id="join-neu-overlay" role="dialog" aria-labelledby="join-neu-overlay-title" aria-hidden="false">...</div>
  (Session info: chrome=80.0.3987.163)
Build info: version: '3.12.0', revision: '7c6e0b3', time: '2018-05-08T14:04:26.12Z'
System info: host: 'pollys-MacBook-Air.local', ip: 'fe80:0:0:0:8a0:85a9:7aae:717e%en0', os.name: 'Mac OS X', os.arch: 'x86_64', os.version: '10.13.6', java.version: '1.8.0_231'
Driver info: org.openqa.selenium.chrome.ChromeDriver
Capabilities {acceptInsecureCerts: false, browserName: chrome, browserVersion: 80.0.3987.163, chrome: {chromedriverVersion: 79.0.3945.36 (3582db32b3389..., userDataDir: /var/folders/ky/g6blgfh55b9...}, goog:chromeOptions: {debuggerAddress: localhost:50073}, javascriptEnabled: true, networkConnectionEnabled: false, pageLoadStrategy: normal, platform: MAC, platformName: MAC, proxy: Proxy(), setWindowRect: true, strictFileInteractability: false, timeouts: {implicit: 0, pageLoad: 300000, script: 30000}, unhandledPromptBehavior: dismiss and notify}
Session ID: 33acfc66e7ecccce81eaa896d6abb4a8
]]></failure>
    <system-out><![CDATA[@Etsy @regression @polly @test
Feature: As a user I want to login to etsy.com using my login credentials
>> Initializing Chrome Driver
Login with correct username and password
----------

  Scenario: Login with correct username and password             # PollyEtsyLogin.feature:4
    Given User browse to etsy web application                    # EtsyLoginSteps.user_browse_to_etsy_web_application()
    When User clicks on ‘sign in’ button on the upper right side # EtsyLoginSteps.user_clicks_on_sign_in_button_on_the_upper_right_side()
    And User enters correct email address on the email tab       # EtsyLoginSteps.user_enters_correct_email_address_on_the_email_tab()
    And User enters correct password on password tab             # EtsyLoginSteps.user_enters_correct_password_on_password_tab()
    Then user clicks on ‘Sign In’                                # EtsyLoginSteps.user_clicks_on_Sign_In()
      org.openqa.selenium.ElementClickInterceptedException: element click intercepted: Element <span id="catnav-primary-link-10855" class="text-gray-darker" role="menuitem" aria-haspopup="true" tabindex="0">...</span> is not clickable at point (123, 84). Other element would receive the click: <div class="overlay-region" data-toolkit-overlay="" id="join-neu-overlay" role="dialog" aria-labelledby="join-neu-overlay-title" aria-hidden="false">...</div>
        (Session info: chrome=80.0.3987.163)
      Build info: version: '3.12.0', revision: '7c6e0b3', time: '2018-05-08T14:04:26.12Z'
      System info: host: 'pollys-MacBook-Air.local', ip: 'fe80:0:0:0:8a0:85a9:7aae:717e%en0', os.name: 'Mac OS X', os.arch: 'x86_64', os.version: '10.13.6', java.version: '1.8.0_231'
      Driver info: org.openqa.selenium.chrome.ChromeDriver
      Capabilities {acceptInsecureCerts: false, browserName: chrome, browserVersion: 80.0.3987.163, chrome: {chromedriverVersion: 79.0.3945.36 (3582db32b3389..., userDataDir: /var/folders/ky/g6blgfh55b9...}, goog:chromeOptions: {debuggerAddress: localhost:50073}, javascriptEnabled: true, networkConnectionEnabled: false, pageLoadStrategy: normal, platform: MAC, platformName: MAC, proxy: Proxy(), setWindowRect: true, strictFileInteractability: false, timeouts: {implicit: 0, pageLoad: 300000, script: 30000}, unhandledPromptBehavior: dismiss and notify}
      Session ID: 33acfc66e7ecccce81eaa896d6abb4a8
      	at sun.reflect.NativeConstructorAccessorImpl.newInstance0(Native Method)
      	at sun.reflect.NativeConstructorAccessorImpl.newInstance(NativeConstructorAccessorImpl.java:62)
      	at sun.reflect.DelegatingConstructorAccessorImpl.newInstance(DelegatingConstructorAccessorImpl.java:45)
      	at java.lang.reflect.Constructor.newInstance(Constructor.java:423)
      	at org.openqa.selenium.remote.http.W3CHttpResponseCodec.createException(W3CHttpResponseCodec.java:187)
      	at org.openqa.selenium.remote.http.W3CHttpResponseCodec.decode(W3CHttpResponseCodec.java:122)
      	at org.openqa.selenium.remote.http.W3CHttpResponseCodec.decode(W3CHttpResponseCodec.java:49)
      	at org.openqa.selenium.remote.HttpCommandExecutor.execute(HttpCommandExecutor.java:158)
      	at org.openqa.selenium.remote.service.DriverCommandExecutor.execute(DriverCommandExecutor.java:83)
      	at org.openqa.selenium.remote.RemoteWebDriver.execute(RemoteWebDriver.java:543)
      	at org.openqa.selenium.remote.RemoteWebElement.execute(RemoteWebElement.java:276)
      	at org.openqa.selenium.remote.RemoteWebElement.click(RemoteWebElement.java:83)
      	at sun.reflect.NativeMethodAccessorImpl.invoke0(Native Method)
      	at sun.reflect.NativeMethodAccessorImpl.invoke(NativeMethodAccessorImpl.java:62)
      	at sun.reflect.DelegatingMethodAccessorImpl.invoke(DelegatingMethodAccessorImpl.java:43)
      	at java.lang.reflect.Method.invoke(Method.java:498)
      	at org.openqa.selenium.support.pagefactory.internal.LocatingElementHandler.invoke(LocatingElementHandler.java:51)
      	at com.sun.proxy.$Proxy18.click(Unknown Source)
      	at etsy.PageActions.EtsyHomePageAction.submitForm(EtsyHomePageAction.java:52)
      	at etsy.stepdef.EtsyLoginSteps.user_clicks_on_Sign_In(EtsyLoginSteps.java:35)
      	at ✽.Then user clicks on ‘Sign In’(PollyEtsyLogin.feature:10)

    And user sees account homepage                               # EtsyLoginSteps.user_sees_account_homepage()
]]></system-out>
    <system-err><![CDATA[Starting ChromeDriver 79.0.3945.36 (3582db32b33893869b8c1339e8f4d9ed1816f143-refs/branch-heads/3945@{#614}) on port 14026
Only local connections are allowed.
Please protect ports used by ChromeDriver and related test frameworks to prevent access by malicious code.
[1586540242.971][WARNING]: This version of ChromeDriver has not been tested with Chrome version 80.
Apr 10, 2020 1:37:23 PM org.openqa.selenium.remote.ProtocolHandshake createSession
INFO: Detected dialect: W3C
]]></system-err>
  </testcase>
  <testcase name="feature" classname="etsy.runner.RunnerClass" time="13.117"/>
  <testcase name="feature" classname="etsy.runner.RunnerClass" time="29.333">
    <failure message="org.openqa.selenium.NoSuchElementException: no such element: Unable to locate element: {&quot;method&quot;:&quot;xpath&quot;,&quot;selector&quot;:&quot;//li[@class=&apos;cart&apos;]&quot;}&#10;  (Session info: chrome=80.0.3987.163)&#10;For documentation on this error, please visit: http://seleniumhq.org/exceptions/no_such_element.html&#10;Build info: version: &apos;3.12.0&apos;, revision: &apos;7c6e0b3&apos;, time: &apos;2018-05-08T14:04:26.12Z&apos;&#10;System info: host: &apos;pollys-MacBook-Air.local&apos;, ip: &apos;fe80:0:0:0:8a0:85a9:7aae:717e%en0&apos;, os.name: &apos;Mac OS X&apos;, os.arch: &apos;x86_64&apos;, os.version: &apos;10.13.6&apos;, java.version: &apos;1.8.0_231&apos;&#10;Driver info: org.openqa.selenium.chrome.ChromeDriver&#10;Capabilities {acceptInsecureCerts: false, browserName: chrome, browserVersion: 80.0.3987.163, chrome: {chromedriverVersion: 79.0.3945.36 (3582db32b3389..., userDataDir: /var/folders/ky/g6blgfh55b9...}, goog:chromeOptions: {debuggerAddress: localhost:50208}, javascriptEnabled: true, networkConnectionEnabled: false, pageLoadStrategy: normal, platform: MAC, platformName: MAC, proxy: Proxy(), setWindowRect: true, strictFileInteractability: false, timeouts: {implicit: 0, pageLoad: 300000, script: 30000}, unhandledPromptBehavior: dismiss and notify}&#10;Session ID: 8f2f9328803bfe09a0c32d1e0664e3ad&#10;*** Element info: {Using=xpath, value=//li[@class=&apos;cart&apos;]}" type="cucumber.runtime.CucumberException">cucumber.runtime.CucumberException: 
org.openqa.selenium.NoSuchElementException: no such element: Unable to locate element: {"method":"xpath","selector":"//li[@class='cart']"}
  (Session info: chrome=80.0.3987.163)
For documentation on this error, please visit: http://seleniumhq.org/exceptions/no_such_element.html
Build info: version: '3.12.0', revision: '7c6e0b3', time: '2018-05-08T14:04:26.12Z'
System info: host: 'pollys-MacBook-Air.local', ip: 'fe80:0:0:0:8a0:85a9:7aae:717e%en0', os.name: 'Mac OS X', os.arch: 'x86_64', os.version: '10.13.6', java.version: '1.8.0_231'
Driver info: org.openqa.selenium.chrome.ChromeDriver
Capabilities {acceptInsecureCerts: false, browserName: chrome, browserVersion: 80.0.3987.163, chrome: {chromedriverVersion: 79.0.3945.36 (3582db32b3389..., userDataDir: /var/folders/ky/g6blgfh55b9...}, goog:chromeOptions: {debuggerAddress: localhost:50208}, javascriptEnabled: true, networkConnectionEnabled: false, pageLoadStrategy: normal, platform: MAC, platformName: MAC, proxy: Proxy(), setWindowRect: true, strictFileInteractability: false, timeouts: {implicit: 0, pageLoad: 300000, script: 30000}, unhandledPromptBehavior: dismiss and notify}
Session ID: 8f2f9328803bfe09a0c32d1e0664e3ad
*** Element info: {Using=xpath, value=//li[@class='cart']}
Caused by: org.openqa.selenium.NoSuchElementException: 
no such element: Unable to locate element: {"method":"xpath","selector":"//li[@class='cart']"}
  (Session info: chrome=80.0.3987.163)
For documentation on this error, please visit: http://seleniumhq.org/exceptions/no_such_element.html
Build info: version: '3.12.0', revision: '7c6e0b3', time: '2018-05-08T14:04:26.12Z'
System info: host: 'pollys-MacBook-Air.local', ip: 'fe80:0:0:0:8a0:85a9:7aae:717e%en0', os.name: 'Mac OS X', os.arch: 'x86_64', os.version: '10.13.6', java.version: '1.8.0_231'
Driver info: org.openqa.selenium.chrome.ChromeDriver
Capabilities {acceptInsecureCerts: false, browserName: chrome, browserVersion: 80.0.3987.163, chrome: {chromedriverVersion: 79.0.3945.36 (3582db32b3389..., userDataDir: /var/folders/ky/g6blgfh55b9...}, goog:chromeOptions: {debuggerAddress: localhost:50208}, javascriptEnabled: true, networkConnectionEnabled: false, pageLoadStrategy: normal, platform: MAC, platformName: MAC, proxy: Proxy(), setWindowRect: true, strictFileInteractability: false, timeouts: {implicit: 0, pageLoad: 300000, script: 30000}, unhandledPromptBehavior: dismiss and notify}
Session ID: 8f2f9328803bfe09a0c32d1e0664e3ad
*** Element info: {Using=xpath, value=//li[@class='cart']}
</failure>
    <system-out><![CDATA[@Etsy @regression @polly
Feature: As a user I want to access cart
>> Initializing Chrome Driver
Navigate to cart
----------

  Scenario: Navigate to cart                               # PollyNavigatetoCart.feature:4
    Given User browse to etsy web application              # EtsyLoginSteps.user_browse_to_etsy_web_application()
    When User lands on etsy homepage                       # EtsyJewlryandAccessories.user_lands_on_etsy_homepage()
    And User sees cart button on the upper right hand side # NavigatetoCart.user_sees_cart_button_on_the_upper_right_hand_side()
    Then User clicks on cart button                        # NavigatetoCart.user_clicks_on_cart_button()
      org.openqa.selenium.NoSuchElementException: no such element: Unable to locate element: {"method":"xpath","selector":"//li[@class='cart']"}
        (Session info: chrome=80.0.3987.163)
      For documentation on this error, please visit: http://seleniumhq.org/exceptions/no_such_element.html
      Build info: version: '3.12.0', revision: '7c6e0b3', time: '2018-05-08T14:04:26.12Z'
      System info: host: 'pollys-MacBook-Air.local', ip: 'fe80:0:0:0:8a0:85a9:7aae:717e%en0', os.name: 'Mac OS X', os.arch: 'x86_64', os.version: '10.13.6', java.version: '1.8.0_231'
      Driver info: org.openqa.selenium.chrome.ChromeDriver
      Capabilities {acceptInsecureCerts: false, browserName: chrome, browserVersion: 80.0.3987.163, chrome: {chromedriverVersion: 79.0.3945.36 (3582db32b3389..., userDataDir: /var/folders/ky/g6blgfh55b9...}, goog:chromeOptions: {debuggerAddress: localhost:50208}, javascriptEnabled: true, networkConnectionEnabled: false, pageLoadStrategy: normal, platform: MAC, platformName: MAC, proxy: Proxy(), setWindowRect: true, strictFileInteractability: false, timeouts: {implicit: 0, pageLoad: 300000, script: 30000}, unhandledPromptBehavior: dismiss and notify}
      Session ID: 8f2f9328803bfe09a0c32d1e0664e3ad
      *** Element info: {Using=xpath, value=//li[@class='cart']}
      	at sun.reflect.NativeConstructorAccessorImpl.newInstance0(Native Method)
      	at sun.reflect.NativeConstructorAccessorImpl.newInstance(NativeConstructorAccessorImpl.java:62)
      	at sun.reflect.DelegatingConstructorAccessorImpl.newInstance(DelegatingConstructorAccessorImpl.java:45)
      	at java.lang.reflect.Constructor.newInstance(Constructor.java:423)
      	at org.openqa.selenium.remote.http.W3CHttpResponseCodec.createException(W3CHttpResponseCodec.java:187)
      	at org.openqa.selenium.remote.http.W3CHttpResponseCodec.decode(W3CHttpResponseCodec.java:122)
      	at org.openqa.selenium.remote.http.W3CHttpResponseCodec.decode(W3CHttpResponseCodec.java:49)
      	at org.openqa.selenium.remote.HttpCommandExecutor.execute(HttpCommandExecutor.java:158)
      	at org.openqa.selenium.remote.service.DriverCommandExecutor.execute(DriverCommandExecutor.java:83)
      	at org.openqa.selenium.remote.RemoteWebDriver.execute(RemoteWebDriver.java:543)
      	at org.openqa.selenium.remote.RemoteWebDriver.findElement(RemoteWebDriver.java:317)
      	at org.openqa.selenium.remote.RemoteWebDriver.findElementByXPath(RemoteWebDriver.java:419)
      	at org.openqa.selenium.By$ByXPath.findElement(By.java:353)
      	at org.openqa.selenium.remote.RemoteWebDriver.findElement(RemoteWebDriver.java:309)
      	at org.openqa.selenium.support.pagefactory.DefaultElementLocator.findElement(DefaultElementLocator.java:69)
      	at org.openqa.selenium.support.pagefactory.internal.LocatingElementHandler.invoke(LocatingElementHandler.java:38)
      	at com.sun.proxy.$Proxy18.click(Unknown Source)
      	at etsy.PageActions.NavigatetoCartAction.NavigatetoCart(NavigatetoCartAction.java:35)
      	at etsy.stepdef.NavigatetoCart.user_clicks_on_cart_button(NavigatetoCart.java:20)
      	at ✽.Then User clicks on cart button(PollyNavigatetoCart.feature:9)

    And User navigate to shopping cart page                # NavigatetoCart.user_navigate_to_shopping_cart_page()
]]></system-out>
    <system-err><![CDATA[Starting ChromeDriver 79.0.3945.36 (3582db32b33893869b8c1339e8f4d9ed1816f143-refs/branch-heads/3945@{#614}) on port 11803
Only local connections are allowed.
Please protect ports used by ChromeDriver and related test frameworks to prevent access by malicious code.
[1586540266.027][WARNING]: This version of ChromeDriver has not been tested with Chrome version 80.
Apr 10, 2020 1:37:46 PM org.openqa.selenium.remote.ProtocolHandshake createSession
INFO: Detected dialect: W3C
]]></system-err>
  </testcase>
</testsuite>