<?xml version="1.0" encoding="UTF-8"?>
<testsuite xmlns:xsi="http://www.w3.org/2001/XMLSchema-instance" xsi:noNamespaceSchemaLocation="https://maven.apache.org/surefire/maven-surefire-plugin/xsd/surefire-test-report.xsd" name="TestSuite" time="20.117" tests="1" errors="0" skipped="0" failures="1">
  <properties>
[...]
</properties>
  <testcase name="feature" classname="etsy.runner.RunnerClass" time="19.219">
    <failure message="org.openqa.selenium.ElementClickInterceptedException: element click intercepted: Element &lt;span id=&quot;catnav-primary-link-10855&quot; class=&quot;text-gray-darker&quot; role=&quot;menuitem&quot; aria-haspopup=&quot;true&quot; tabindex=&quot;0&quot;&gt;...&lt;/span&gt; is not clickable at point (171, 84). Other element would receive the click: &lt;div class=&quot;overlay-region&quot; data-toolkit-overlay=&quot;&quot; id=&quot;join-neu-overlay&quot; role=&quot;dialog&quot; aria-labelledby=&quot;join-neu-overlay-title&quot; aria-hidden=&quot;false&quot;&gt;...&lt;/div&gt;&#10;  (Session info: chrome=80.0.3987.132)&#10;Build info: version: &apos;3.12.0&apos;, revision: &apos;7c6e0b3&apos;, time: &apos;2018-05-08T14:04:26.12Z&apos;&#10;System info: host: &apos;DESKTOP-3P56TJA&apos;, ip: &apos;192.168.2.209&apos;, os.name: &apos;Windows 10&apos;, os.arch: &apos;amd64&apos;, os.version: &apos;10.0&apos;, java.version: &apos;1.8.0_231&apos;&#10;Driver info: org.openqa.selenium.chrome.ChromeDriver&#10;Capabilities {acceptInsecureCerts: false, browserName: chrome, browserVersion: 80.0.3987.132, chrome: {chromedriverVersion: 79.0.3945.36 (3582db32b3389..., userDataDir: C:\Users\rlina\AppData\Loca...}, goog:chromeOptions: {debuggerAddress: localhost:64004}, javascriptEnabled: true, networkConnectionEnabled: false, pageLoadStrategy: normal, platform: WINDOWS, platformName: WINDOWS, proxy: Proxy(), setWindowRect: true, strictFileInteractability: false, timeouts: {implicit: 0, pageLoad: 300000, script: 30000}, unhandledPromptBehavior: dismiss and notify}&#10;Session ID: ac72437ee312dfce92d86718c6c93bdb" type="cucumber.runtime.CucumberException"><![CDATA[cucumber.runtime.CucumberException: 
org.openqa.selenium.ElementClickInterceptedException: element click intercepted: Element <span id="catnav-primary-link-10855" class="text-gray-darker" role="menuitem" aria-haspopup="true" tabindex="0">...</span> is not clickable at point (171, 84). Other element would receive the click: <div class="overlay-region" data-toolkit-overlay="" id="join-neu-overlay" role="dialog" aria-labelledby="join-neu-overlay-title" aria-hidden="false">...</div>
  (Session info: chrome=80.0.3987.132)
Build info: version: '3.12.0', revision: '7c6e0b3', time: '2018-05-08T14:04:26.12Z'
System info: host: 'DESKTOP-3P56TJA', ip: '192.168.2.209', os.name: 'Windows 10', os.arch: 'amd64', os.version: '10.0', java.version: '1.8.0_231'
Driver info: org.openqa.selenium.chrome.ChromeDriver
Capabilities {acceptInsecureCerts: false, browserName: chrome, browserVersion: 80.0.3987.132, chrome: {chromedriverVersion: 79.0.3945.36 (3582db32b3389..., userDataDir: C:\Users\rlina\AppData\Loca...}, goog:chromeOptions: {debuggerAddress: localhost:64004}, javascriptEnabled: true, networkConnectionEnabled: false, pageLoadStrategy: normal, platform: WINDOWS, platformName: WINDOWS, proxy: Proxy(), setWindowRect: true, strictFileInteractability: false, timeouts: {implicit: 0, pageLoad: 300000, script: 30000}, unhandledPromptBehavior: dismiss and notify}
Session ID: ac72437ee312dfce92d86718c6c93bdb
Caused by: org.openqa.selenium.ElementClickInterceptedException: 
element click intercepted: Element <span id="catnav-primary-link-10855" class="text-gray-darker" role="menuitem" aria-haspopup="true" tabindex="0">...</span> is not clickable at point (171, 84). Other element would receive the click: <div class="overlay-region" data-toolkit-overlay="" id="join-neu-overlay" role="dialog" aria-labelledby="join-neu-overlay-title" aria-hidden="false">...</div>
  (Session info: chrome=80.0.3987.132)
Build info: version: '3.12.0', revision: '7c6e0b3', time: '2018-05-08T14:04:26.12Z'
System info: host: 'DESKTOP-3P56TJA', ip: '192.168.2.209', os.name: 'Windows 10', os.arch: 'amd64', os.version: '10.0', java.version: '1.8.0_231'
Driver info: org.openqa.selenium.chrome.ChromeDriver
Capabilities {acceptInsecureCerts: false, browserName: chrome, browserVersion: 80.0.3987.132, chrome: {chromedriverVersion: 79.0.3945.36 (3582db32b3389..., userDataDir: C:\Users\rlina\AppData\Loca...}, goog:chromeOptions: {debuggerAddress: localhost:64004}, javascriptEnabled: true, networkConnectionEnabled: false, pageLoadStrategy: normal, platform: WINDOWS, platformName: WINDOWS, proxy: Proxy(), setWindowRect: true, strictFileInteractability: false, timeouts: {implicit: 0, pageLoad: 300000, script: 30000}, unhandledPromptBehavior: dismiss and notify}
Session ID: ac72437ee312dfce92d86718c6c93bdb
]]></failure>
    <system-out><![CDATA[@Etsy @regression
Feature: As a user I want to login to etsy.com using my login credentials
>> Initializing Chrome Driver
Login with correct username and password
----------

  Scenario: Login with correct username and password             # EtsyLogin.feature:4
    Given User browse to etsy web application                    # EtsyLoginSteps.user_browse_to_etsy_web_application()
    When User clicks on ‘sign in’ button on the upper right side # EtsyLoginSteps.user_clicks_on_sign_in_button_on_the_upper_right_side()
    And User enters correct email address on the email tab       # EtsyLoginSteps.user_enters_correct_email_address_on_the_email_tab()
    And User enters correct password on password tab             # EtsyLoginSteps.user_enters_correct_password_on_password_tab()
    Then user clicks on ‘Sign In’                                # EtsyLoginSteps.user_clicks_on_Sign_In()
      org.openqa.selenium.ElementClickInterceptedException: element click intercepted: Element <span id="catnav-primary-link-10855" class="text-gray-darker" role="menuitem" aria-haspopup="true" tabindex="0">...</span> is not clickable at point (171, 84). Other element would receive the click: <div class="overlay-region" data-toolkit-overlay="" id="join-neu-overlay" role="dialog" aria-labelledby="join-neu-overlay-title" aria-hidden="false">...</div>
        (Session info: chrome=80.0.3987.132)
      Build info: version: '3.12.0', revision: '7c6e0b3', time: '2018-05-08T14:04:26.12Z'
      System info: host: 'DESKTOP-3P56TJA', ip: '192.168.2.209', os.name: 'Windows 10', os.arch: 'amd64', os.version: '10.0', java.version: '1.8.0_231'
      Driver info: org.openqa.selenium.chrome.ChromeDriver
      Capabilities {acceptInsecureCerts: false, browserName: chrome, browserVersion: 80.0.3987.132, chrome: {chromedriverVersion: 79.0.3945.36 (3582db32b3389..., userDataDir: C:\Users\rlina\AppData\Loca...}, goog:chromeOptions: {debuggerAddress: localhost:64004}, javascriptEnabled: true, networkConnectionEnabled: false, pageLoadStrategy: normal, platform: WINDOWS, platformName: WINDOWS, proxy: Proxy(), setWindowRect: true, strictFileInteractability: false, timeouts: {implicit: 0, pageLoad: 300000, script: 30000}, unhandledPromptBehavior: dismiss and notify}
      Session ID: ac72437ee312dfce92d86718c6c93bdb
      	at sun.reflect.NativeConstructorAccessorImpl.newInstance0(Native Method)
      	at sun.reflect.NativeConstructorAccessorImpl.newInstance(NativeConstructorAccessorImpl.java:62)
      	at sun.reflect.DelegatingConstructorAccessorImpl.newInstance(DelegatingConstructorAccessorImpl.java:45)
      	at java.lang.reflect.Constructor.newInstance(Constructor.java:423)
      	at org.openqa.selenium.remote.http.W3CHttpResponseCodec.createException(W3CHttpResponseCodec.java:187)
      	at org.openqa.selenium.remote.http.W3CHttpResponseCodec.decode(W3CHttpResponseCodec.java:122)
      	at org.openqa.selenium.remote.http.W3CHttpResponseCodec.decode(W3CHttpResponseCodec.java:49)
      	at org.openqa.selenium.remote.HttpCommandExecutor.execute(HttpCommandExecutor.java:158)
      	at org.openqa.selenium.remote.service.DriverCommandExecutor.execute(DriverCommandExecutor.java:83)
      	at org.openqa.selenium.remote.RemoteWebDriver.execute(RemoteWebDriver.java:543)
      	at org.openqa.selenium.remote.RemoteWebElement.execute(RemoteWebElement.java:276)
      	at org.openqa.selenium.remote.RemoteWebElement.click(RemoteWebElement.java:83)
      	at sun.reflect.NativeMethodAccessorImpl.invoke0(Native Method)
      	at sun.reflect.NativeMethodAccessorImpl.invoke(NativeMethodAccessorImpl.java:62)
      	at sun.reflect.DelegatingMethodAccessorImpl.invoke(DelegatingMethodAccessorImpl.java:43)
      	at java.lang.reflect.Method.invoke(Method.java:498)
      	at org.openqa.selenium.support.pagefactory.internal.LocatingElementHandler.invoke(LocatingElementHandler.java:51)
      	at com.sun.proxy.$Proxy18.click(Unknown Source)
      	at etsy.PageActions.EtsyHomePageAction.submitForm(EtsyHomePageAction.java:52)
      	at etsy.stepdef.EtsyLoginSteps.user_clicks_on_Sign_In(EtsyLoginSteps.java:35)
      	at ?.Then user clicks on ‘Sign In’(EtsyLogin.feature:10)

    And user sees account homepage                               # EtsyLoginSteps.user_sees_account_homepage()
]]></system-out>
    <system-err><![CDATA[SLF4J: Failed to load class "org.slf4j.impl.StaticLoggerBinder".
SLF4J: Defaulting to no-operation (NOP) logger implementation
SLF4J: See http://www.slf4j.org/codes.html#StaticLoggerBinder for further details.
Starting ChromeDriver 79.0.3945.36 (3582db32b33893869b8c1339e8f4d9ed1816f143-refs/branch-heads/3945@{#614}) on port 15348
Only local connections are allowed.
Please protect ports used by ChromeDriver and related test frameworks to prevent access by malicious code.
[1583679176.113][WARNING]: This version of ChromeDriver has not been tested with Chrome version 80.
[1583679178.119][WARNING]: Timed out connecting to Chrome, retrying...
Mar 08, 2020 10:53:00 AM org.openqa.selenium.remote.ProtocolHandshake createSession
INFO: Detected dialect: W3C
[1583679185.143][WARNING]: Timed out connecting to Chrome, retrying...
]]></system-err>
  </testcase>
</testsuite>